<?xml version="1.0" encoding="UTF-8"?>
<!-- Generated by org.testng.reporters.JUnitReportReporter -->
<testsuite hostname="MBP-RAM.local" failures="0" tests="1" name="XPath_WE_SameAttribute" time="33.644" errors="0" timestamp="2022-07-25T13:29:02 AST" skipped="0">
  <testcase classname="XPath_WE_SameAttribute" name="xPath" time="33.644"/>
  <system-out/>
</testsuite> <!-- XPath_WE_SameAttribute -->
