<?xml version="1.0" encoding="UTF-8"?>
<!-- Generated by org.testng.reporters.JUnitReportReporter -->
<testsuite hostname="MBP-RAM.local" failures="0" tests="1" name="XPath_WE_MultipleAttribute" time="87.420" errors="0" timestamp="2022-07-25T15:55:41 AST" skipped="0">
  <testcase classname="XPath_WE_MultipleAttribute" name="xPath" time="87.420"/>
  <system-out/>
</testsuite> <!-- XPath_WE_MultipleAttribute -->
