<?xml version="1.0" encoding="UTF-8"?>
<!-- Generated by org.testng.reporters.JUnitReportReporter -->
<testsuite hostname="MBP-RAM.local" failures="0" tests="1" name="Day3.Example_for_Using_OR_AND_Type_of_XPath" time="86.476" errors="0" timestamp="2022-07-28T14:52:39 AST" skipped="0">
  <testcase classname="Day3.Example_for_Using_OR_AND_Type_of_XPath" name="xPath" time="86.476"/>
  <system-out/>
</testsuite> <!-- Day3.Example_for_Using_OR_AND_Type_of_XPath -->
