<?xml version="1.0" encoding="UTF-8"?>
<!-- Generated by org.testng.reporters.JUnitReportReporter -->
<testsuite hostname="MBP-RAM.local" failures="0" tests="1" name="RelativeXPath" time="25.640" errors="0" timestamp="2022-07-25T12:44:37 AST" skipped="0">
  <testcase classname="RelativeXPath" name="xPath" time="25.640"/>
  <system-out/>
</testsuite> <!-- RelativeXPath -->
