<?xml version="1.0" encoding="UTF-8"?>
<!-- Generated by org.testng.reporters.JUnitReportReporter -->
<testsuite hostname="MBP-RAM.local" failures="0" tests="1" name="Day4.GD" time="87.999" errors="0" timestamp="2022-07-27T15:32:53 AST" skipped="0">
  <testcase classname="Day4.GD" name="xPath" time="87.999"/>
  <system-out/>
</testsuite> <!-- Day4.GD -->
