<?xml version="1.0" encoding="UTF-8"?>
<!-- Generated by org.testng.reporters.JUnitReportReporter -->
<testsuite hostname="MBP-RAM.local" failures="0" tests="1" name="Day3.Example_for_Basic_Type_of_XPath" time="182.790" errors="0" timestamp="2022-07-29T18:15:51 AST" skipped="0">
  <testcase classname="Day3.Example_for_Basic_Type_of_XPath" name="xPath" time="182.790"/>
  <system-out/>
</testsuite> <!-- Day3.Example_for_Basic_Type_of_XPath -->
