<?xml version="1.0" encoding="UTF-8"?>
<!-- Generated by org.testng.reporters.JUnitReportReporter -->
<testsuite hostname="MBP-RAM.local" failures="0" tests="1" name="AbsoluteXPath" time="21.328" errors="0" timestamp="2022-07-25T12:43:05 AST" skipped="0">
  <testcase classname="AbsoluteXPath" name="xPath" time="21.328"/>
  <system-out/>
</testsuite> <!-- AbsoluteXPath -->
