<?xml version="1.0" encoding="UTF-8"?>
<!-- Generated by org.testng.reporters.JUnitReportReporter -->
<testsuite hostname="MBP-RAM.local" failures="0" tests="1" name="Day2" time="25.579" errors="0" timestamp="2022-07-25T11:39:28 AST" skipped="0">
  <testcase classname="Day2" name="xPath" time="25.579"/>
  <system-out/>
</testsuite> <!-- Day2 -->
