<?xml version="1.0" encoding="UTF-8"?>
<!-- Generated by org.testng.reporters.JUnitReportReporter -->
<testsuite hostname="MBP-RAM.local" failures="0" tests="1" name="Day1" time="44.842" errors="0" timestamp="2022-07-24T16:45:40 AST" skipped="0">
  <testcase classname="Day1" name="xPath" time="44.842"/>
  <system-out/>
</testsuite> <!-- Day1 -->
