<?xml version="1.0" encoding="UTF-8"?>
<!-- Generated by org.testng.reporters.JUnitReportReporter -->
<testsuite hostname="MBP-RAM.local" failures="0" tests="1" name="Day3.Practice" time="67.996" errors="0" timestamp="2022-07-26T16:51:35 AST" skipped="0">
  <testcase classname="Day3.Practice" name="xPath" time="67.996"/>
  <system-out/>
</testsuite> <!-- Day3.Practice -->
